<?xml version="1.0" encoding="UTF-8"?>
<!-- Generated by org.testng.reporters.JUnitXMLReporter -->
<testsuite hostname="LAPTOP-D2B6L3LB" ignored="0" name="cv-library-uk-hw" tests="1" failures="1" timestamp="2023-07-25T00:16:44 BST" time="0.262" errors="0">
  <testcase name="verifyJobSearchResultUsingDifferentDataSet" time="0.0" classname="uk.co.library.JobSearchTest">
    <failure type="org.testng.TestNGException" message="
Method public void uk.co.library.JobSearchTest.verifyJobSearchResultUsingDifferentDataSet(java.lang.String,java.lang.String,java.lang.String,java.lang.String,java.lang.String,java.lang.String,java.lang.String,java.lang.String) requires a @DataProvider named : credentials in class resources.testdata.TestData">
      <![CDATA[org.testng.TestNGException: 
Method public void uk.co.library.JobSearchTest.verifyJobSearchResultUsingDifferentDataSet(java.lang.String,java.lang.String,java.lang.String,java.lang.String,java.lang.String,java.lang.String,java.lang.String,java.lang.String) requires a @DataProvider named : credentials in class resources.testdata.TestData
at java.util.ArrayList.forEach(ArrayList.java:1249)
at com.intellij.rt.testng.IDEARemoteTestNG.run(IDEARemoteTestNG.java:66)
at com.intellij.rt.testng.RemoteTestNGStarter.main(RemoteTestNGStarter.java:105)
... Removed 21 stack frames]]>
    </failure>
  </testcase> <!-- verifyJobSearchResultUsingDifferentDataSet -->
</testsuite> <!-- cv-library-uk-hw -->
